SF:lib/features/train/domain/session_state_machine.dart
DA:1,1
DA:2,1
DA:3,1
DA:4,0
LF:4
LH:3
end_of_record
SF:lib/features/train/data/session_dao.dart
DA:10,1
DA:11,0
DA:12,0
DA:13,0
end_of_record
SF:lib/core/database/app_database.dart
DA:1,5
DA:2,2
end_of_record
SF:lib/core/database/app_database.g.dart
DA:1,0
DA:2,0
DA:3,0
DA:4,0
DA:5,0
DA:6,0
DA:7,0
DA:8,0
DA:9,0
DA:10,0
end_of_record
SF:lib/features/train/domain/session.freezed.dart
DA:1,0
DA:2,0
end_of_record
SF:lib/features/train/data/tables.drift.dart
DA:1,0
end_of_record
SF:lib/features/train/presentation/session_screen.dart
DA:1,0
DA:2,0
DA:3,0
DA:4,0
DA:5,0
DA:6,0
end_of_record
SF:lib\app.dart
DA:1,1
DA:2,1
end_of_record
